
/home/runner/work/exp-bode-plot-dei/exp-bode-plot-dei/experiment/simulation/js/main.js
    2:6    warning  'lab_imp' is assigned a value but never used    no-unused-vars
    3:6    warning  'dat_imp' is assigned a value but never used    no-unused-vars
    4:6    warning  'lab_step' is assigned a value but never used   no-unused-vars
    5:6    warning  'dat_step' is assigned a value but never used   no-unused-vars
    6:6    warning  'lab_final' is assigned a value but never used  no-unused-vars
    7:6    warning  'poles' is assigned a value but never used      no-unused-vars
    8:6    warning  'polesc' is assigned a value but never used     no-unused-vars
   10:5    warning  're_nyq1' is assigned a value but never used    no-unused-vars
   11:5    warning  'img_nyq1' is assigned a value but never used   no-unused-vars
   12:5    warning  're_nyq2' is assigned a value but never used    no-unused-vars
   13:5    warning  'img_nyq2' is assigned a value but never used   no-unused-vars
   14:5    warning  'stepeqn' is defined but never used             no-unused-vars
   14:13   warning  'impuleqn' is defined but never used            no-unused-vars
   17:5    warning  'kpi' is defined but never used                 no-unused-vars
   17:9    warning  'essi' is defined but never used                no-unused-vars
   17:14   warning  'esss' is defined but never used                no-unused-vars
   17:19   warning  'kp' is defined but never used                  no-unused-vars
   18:23   warning  'gm' is assigned a value but never used         no-unused-vars
   18:27   warning  'pm' is assigned a value but never used         no-unused-vars
   22:11   warning  'addval' is defined but never used              no-unused-vars
   23:6    warning  'lab' is not defined                            no-undef
   24:6    warning  'dat' is not defined                            no-undef
   29:10   warning  'nums' is defined but never used                no-unused-vars
   29:16   warning  'dens' is defined but never used                no-unused-vars
   37:10   warning  'x1' is defined but never used                  no-unused-vars
   37:14   warning  'y1' is defined but never used                  no-unused-vars
   38:10   warning  'ni' is assigned a value but never used         no-unused-vars
   39:10   warning  'di' is assigned a value but never used         no-unused-vars
   41:6    warning  'c' is not defined                              no-undef
   42:6    warning  'd' is not defined                              no-undef
   43:6    warning  'p' is not defined                              no-undef
   44:6    warning  'q' is not defined                              no-undef
   45:6    warning  'r' is not defined                              no-undef
   48:11   warning  'c' is not defined                              no-undef
   48:13   warning  'd' is not defined                              no-undef
   48:15   warning  'p' is not defined                              no-undef
   48:17   warning  'q' is not defined                              no-undef
   48:19   warning  'r' is not defined                              no-undef
   66:17   warning  'p' is not defined                              no-undef
   66:25   warning  'c' is not defined                              no-undef
   66:33   warning  'd' is not defined                              no-undef
   68:18   warning  'p' is not defined                              no-undef
   68:26   warning  'c' is not defined                              no-undef
   68:32   warning  'p' is not defined                              no-undef
   68:38   warning  'q' is not defined                              no-undef
   73:9    warning  'd' is not defined                              no-undef
   73:18   warning  'q' is not defined                              no-undef
   73:26   warning  'p' is not defined                              no-undef
   76:17   warning  'c' is not defined                              no-undef
   76:25   warning  'd' is not defined                              no-undef
   79:9    warning  'p' is not defined                              no-undef
   79:17   warning  'q' is not defined                              no-undef
   79:25   warning  'r' is not defined                              no-undef
   98:4    warning  'c' is not defined                              no-undef
  100:8    warning  'c' is not defined                              no-undef
  101:35   warning  'c' is not defined                              no-undef
  103:29   warning  'c' is not defined                              no-undef
  105:24   warning  'c' is not defined                              no-undef
  106:4    warning  'd' is not defined                              no-undef
  107:14   warning  'c' is not defined                              no-undef
  108:4    warning  'd' is not defined                              no-undef
  109:35   warning  'd' is not defined                              no-undef
  111:29   warning  'd' is not defined                              no-undef
  113:24   warning  'd' is not defined                              no-undef
  116:4    warning  'p' is not defined                              no-undef
  117:25   warning  'p' is not defined                              no-undef
  118:4    warning  'q' is not defined                              no-undef
  119:6    warning  'p' is not defined                              no-undef
  120:8    warning  'q' is not defined                              no-undef
  121:40   warning  'q' is not defined                              no-undef
  123:33   warning  'q' is not defined                              no-undef
  125:30   warning  'q' is not defined                              no-undef
  126:4    warning  'r' is not defined                              no-undef
  127:6    warning  'p' is not defined                              no-undef
  127:12   warning  'q' is not defined                              no-undef
  128:6    warning  'r' is not defined                              no-undef
  129:40   warning  'r' is not defined                              no-undef
  131:33   warning  'r' is not defined                              no-undef
  133:28   warning  'r' is not defined                              no-undef
  139:4    warning  'c' is not defined                              no-undef
  141:8    warning  'c' is not defined                              no-undef
  142:37   warning  'c' is not defined                              no-undef
  144:31   warning  'c' is not defined                              no-undef
  146:26   warning  'c' is not defined                              no-undef
  147:4    warning  'd' is not defined                              no-undef
  148:14   warning  'c' is not defined                              no-undef
  149:4    warning  'd' is not defined                              no-undef
  150:37   warning  'd' is not defined                              no-undef
  152:31   warning  'd' is not defined                              no-undef
  154:26   warning  'd' is not defined                              no-undef
  158:4    warning  'p' is not defined                              no-undef
  159:27   warning  'p' is not defined                              no-undef
  160:4    warning  'q' is not defined                              no-undef
  161:6    warning  'p' is not defined                              no-undef
  162:8    warning  'q' is not defined                              no-undef
  163:42   warning  'q' is not defined                              no-undef
  165:35   warning  'q' is not defined                              no-undef
  167:32   warning  'q' is not defined                              no-undef
  168:4    warning  'r' is not defined                              no-undef
  169:6    warning  'p' is not defined                              no-undef
  169:12   warning  'q' is not defined                              no-undef
  170:6    warning  'r' is not defined                              no-undef
  171:42   warning  'r' is not defined                              no-undef
  173:35   warning  'r' is not defined                              no-undef
  175:30   warning  'r' is not defined                              no-undef
  180:13   warning  'c' is not defined                              no-undef
  180:19   warning  'd' is not defined                              no-undef
  181:37   warning  'c' is not defined                              no-undef
  181:52   warning  'd' is not defined                              no-undef
  182:18   warning  'c' is not defined                              no-undef
  183:37   warning  'c' is not defined                              no-undef
  185:37   warning  'd' is not defined                              no-undef
  188:13   warning  'p' is not defined                              no-undef
  188:19   warning  'q' is not defined                              no-undef
  188:25   warning  'r' is not defined                              no-undef
  189:41   warning  'q' is not defined                              no-undef
  189:58   warning  'r' is not defined                              no-undef
  189:67   warning  'p' is not defined                              no-undef
  190:18   warning  'p' is not defined                              no-undef
  190:24   warning  'q' is not defined                              no-undef
  191:41   warning  'q' is not defined                              no-undef
  191:58   warning  'p' is not defined                              no-undef
  192:18   warning  'p' is not defined                              no-undef
  192:24   warning  'r' is not defined                              no-undef
  193:41   warning  'r' is not defined                              no-undef
  193:50   warning  'p' is not defined                              no-undef
  194:18   warning  'q' is not defined                              no-undef
  194:24   warning  'r' is not defined                              no-undef
  195:41   warning  'q' is not defined                              no-undef
  195:58   warning  'r' is not defined                              no-undef
  196:18   warning  'p' is not defined                              no-undef
  197:41   warning  'p' is not defined                              no-undef
  198:18   warning  'q' is not defined                              no-undef
  199:41   warning  'q' is not defined                              no-undef
  201:41   warning  'r' is not defined                              no-undef
  205:13   warning  'c' is not defined                              no-undef
  205:19   warning  'd' is not defined                              no-undef
  206:33   warning  'c' is not defined                              no-undef
  206:41   warning  'd' is not defined                              no-undef
  207:18   warning  'c' is not defined                              no-undef
  214:13   warning  'p' is not defined                              no-undef
  214:19   warning  'q' is not defined                              no-undef
  214:25   warning  'r' is not defined                              no-undef
  215:33   warning  'q' is not defined                              no-undef
  215:41   warning  'r' is not defined                              no-undef
  215:50   warning  'p' is not defined                              no-undef
  216:18   warning  'p' is not defined                              no-undef
  216:24   warning  'q' is not defined                              no-undef
  217:33   warning  'q' is not defined                              no-undef
  217:42   warning  'p' is not defined                              no-undef
  218:18   warning  'p' is not defined                              no-undef
  218:24   warning  'r' is not defined                              no-undef
  220:18   warning  'q' is not defined                              no-undef
  220:24   warning  'r' is not defined                              no-undef
  221:33   warning  'q' is not defined                              no-undef
  221:41   warning  'r' is not defined                              no-undef
  222:18   warning  'p' is not defined                              no-undef
  224:18   warning  'q' is not defined                              no-undef
  242:103  warning  'gam' is not defined                            no-undef
  246:104  warning  'phm' is not defined                            no-undef
  255:14   warning  'j' is defined but never used                   no-unused-vars
  255:17   warning  'k' is defined but never used                   no-unused-vars
  261:9    warning  'MathJax' is not defined                        no-undef
  261:39   warning  'MathJax' is not defined                        no-undef
  262:9    warning  'MathJax' is not defined                        no-undef
  262:39   warning  'MathJax' is not defined                        no-undef
  263:9    warning  'MathJax' is not defined                        no-undef
  263:39   warning  'MathJax' is not defined                        no-undef
  264:9    warning  'MathJax' is not defined                        no-undef
  264:39   warning  'MathJax' is not defined                        no-undef
  265:9    warning  'MathJax' is not defined                        no-undef
  265:39   warning  'MathJax' is not defined                        no-undef
  266:9    warning  'MathJax' is not defined                        no-undef
  266:39   warning  'MathJax' is not defined                        no-undef
  267:9    warning  'MathJax' is not defined                        no-undef
  267:39   warning  'MathJax' is not defined                        no-undef
  280:3    warning  Unnecessary semicolon                           no-extra-semi
  282:11   warning  'discriminant' is defined but never used        no-unused-vars
  287:11   warning  'showval' is defined but never used             no-unused-vars
  293:3    warning  Unnecessary semicolon                           no-extra-semi
  300:3    warning  Unnecessary semicolon                           no-extra-semi
  304:11   warning  'runprog' is defined but never used             no-unused-vars
  304:19   warning  'i' is defined but never used                   no-unused-vars
  331:3    warning  Unnecessary semicolon                           no-extra-semi
  339:14   warning  'chartplot1' is already defined                 no-redeclare
  340:14   warning  'chartplot2' is already defined                 no-redeclare
  347:24   warning  'lab_mag' is not defined                        no-undef
  354:19   warning  'dat_mag' is not defined                        no-undef
  361:22   warning  'Chart' is not defined                          no-undef
  394:17   warning  'lab_mag' is not defined                        no-undef
  398:19   warning  'dat_ang' is not defined                        no-undef
  405:22   warning  'Chart' is not defined                          no-undef
  478:9    warning  'ang' is already defined                        no-redeclare
  482:9    warning  'ang' is already defined                        no-redeclare
  492:5    warning  'lab_mag' is not defined                        no-undef
  493:5    warning  'dat_mag' is not defined                        no-undef
  494:5    warning  'dat_ang' is not defined                        no-undef
  497:9    warning  'dat_mag' is not defined                        no-undef
  498:9    warning  'dat_ang' is not defined                        no-undef
  499:9    warning  'lab_mag' is not defined                        no-undef
  504:9    warning  'dat_mag' is not defined                        no-undef
  505:9    warning  'dat_ang' is not defined                        no-undef
  506:9    warning  'lab_mag' is not defined                        no-undef
  511:9    warning  'dat_mag' is not defined                        no-undef
  512:9    warning  'dat_ang' is not defined                        no-undef
  513:9    warning  'lab_mag' is not defined                        no-undef
  518:9    warning  'dat_mag' is not defined                        no-undef
  519:9    warning  'dat_ang' is not defined                        no-undef
  520:9    warning  'lab_mag' is not defined                        no-undef
  525:9    warning  'dat_mag' is not defined                        no-undef
  526:9    warning  'dat_ang' is not defined                        no-undef
  527:9    warning  'lab_mag' is not defined                        no-undef
  532:9    warning  'dat_mag' is not defined                        no-undef
  533:9    warning  'dat_ang' is not defined                        no-undef
  534:9    warning  'lab_mag' is not defined                        no-undef
  542:9    warning  'phm' is not defined                            no-undef
  546:9    warning  'gam' is not defined                            no-undef
  551:7    warning  'gam' is not defined                            no-undef
  555:7    warning  'phm' is not defined                            no-undef

✖ 219 problems (0 errors, 219 warnings)
  0 errors and 4 warnings potentially fixable with the `--fix` option.

